[2026-02-26 21:12:38] OK | Git repo OK | Bekleyen degisiklik var: 2 dosya | 15 dk yedek gorevi aktif | Hizli JS parse OK
[2026-02-27 12:12:01] OK | Git repo OK | Calisma alani temiz | 15 dk yedek gorevi aktif | Hizli JS parse OK
[2026-02-27 13:12:01] OK | Git repo OK | Calisma alani temiz | 15 dk yedek gorevi aktif | Hizli JS parse OK
[2026-02-27 14:12:01] OK | Git repo OK | Calisma alani temiz | 15 dk yedek gorevi aktif | Hizli JS parse OK
[2026-02-27 15:12:01] OK | Git repo OK | Calisma alani temiz | 15 dk yedek gorevi aktif | Hizli JS parse OK
[2026-02-27 16:12:01] OK | Git repo OK | Calisma alani temiz | 15 dk yedek gorevi aktif | Hizli JS parse OK
[2026-02-27 17:12:01] OK | Git repo OK | Calisma alani temiz | 15 dk yedek gorevi aktif | Hizli JS parse OK
[2026-03-02 13:12:01] OK | Git repo OK | Calisma alani temiz | 15 dk yedek gorevi aktif | Hizli JS parse OK
[2026-03-02 14:12:01] OK | Git repo OK | Bekleyen degisiklik var: 2 dosya | 15 dk yedek gorevi aktif | Hizli JS parse OK
[2026-03-02 15:12:01] OK | Git repo OK | Calisma alani temiz | 15 dk yedek gorevi aktif | Hizli JS parse OK
[2026-03-02 16:12:01] OK | Git repo OK | Bekleyen degisiklik var: 1 dosya | 15 dk yedek gorevi aktif | Hizli JS parse OK
[2026-03-02 17:12:01] OK | Git repo OK | Bekleyen degisiklik var: 1 dosya | 15 dk yedek gorevi aktif | Hizli JS parse OK
[2026-03-02 18:12:01] OK | Git repo OK | Calisma alani temiz | 15 dk yedek gorevi aktif | Hizli JS parse OK
[2026-03-02 19:12:01] OK | Git repo OK | Bekleyen degisiklik var: 1 dosya | 15 dk yedek gorevi aktif | Hizli JS parse OK
[2026-03-02 20:12:00] OK | Git repo OK | Calisma alani temiz | 15 dk yedek gorevi aktif | Hizli JS parse OK
[2026-03-03 13:12:00] OK | Git repo OK | Calisma alani temiz | 15 dk yedek gorevi aktif | Hizli JS parse OK
[2026-03-03 14:12:00] OK | Git repo OK | Calisma alani temiz | 15 dk yedek gorevi aktif | Hizli JS parse OK
[2026-03-03 15:12:00] OK | Git repo OK | Bekleyen degisiklik var: 1 dosya | 15 dk yedek gorevi aktif | Hizli JS parse OK
[2026-03-03 16:12:00] OK | Git repo OK | Calisma alani temiz | 15 dk yedek gorevi aktif | Hizli JS parse OK
[2026-03-03 17:12:00] OK | Git repo OK | Bekleyen degisiklik var: 1 dosya | 15 dk yedek gorevi aktif | Hizli JS parse OK
[2026-03-03 18:12:00] OK | Git repo OK | Calisma alani temiz | 15 dk yedek gorevi aktif | Hizli JS parse OK
[2026-03-03 19:12:00] OK | Git repo OK | Bekleyen degisiklik var: 2 dosya | 15 dk yedek gorevi aktif | Hizli JS parse OK
[2026-03-03 20:12:00] OK | Git repo OK | Calisma alani temiz | 15 dk yedek gorevi aktif | Hizli JS parse OK
[2026-03-04 16:12:01] OK | Git repo OK | Calisma alani temiz | 15 dk yedek gorevi aktif | Hizli JS parse OK
[2026-03-04 17:12:01] OK | Git repo OK | Calisma alani temiz | 15 dk yedek gorevi aktif | Hizli JS parse OK
[2026-03-05 14:12:27] OK | Git repo OK | Calisma alani temiz | 15 dk yedek gorevi aktif | Hizli JS parse OK
[2026-03-05 15:12:00] OK | Git repo OK | Calisma alani temiz | 15 dk yedek gorevi aktif | Hizli JS parse OK
[2026-03-05 16:12:00] OK | Git repo OK | Calisma alani temiz | 15 dk yedek gorevi aktif | Hizli JS parse OK
[2026-03-05 17:12:01] OK | Git repo OK | Calisma alani temiz | 15 dk yedek gorevi aktif | Hizli JS parse OK
[2026-03-05 18:12:01] OK | Git repo OK | Calisma alani temiz | 15 dk yedek gorevi aktif | Hizli JS parse OK
[2026-03-06 14:12:00] OK | Git repo OK | Calisma alani temiz | 15 dk yedek gorevi aktif | Hizli JS parse OK
[2026-03-06 15:12:01] OK | Git repo OK | Calisma alani temiz | 15 dk yedek gorevi aktif | Hizli JS parse OK
[2026-03-06 16:12:00] OK | Git repo OK | Bekleyen degisiklik var: 2 dosya | 15 dk yedek gorevi aktif | Hizli JS parse OK
[2026-03-06 17:12:00] OK | Git repo OK | Bekleyen degisiklik var: 1 dosya | 15 dk yedek gorevi aktif | Hizli JS parse OK
[2026-03-06 18:12:00] OK | Git repo OK | Bekleyen degisiklik var: 1 dosya | 15 dk yedek gorevi aktif | Hizli JS parse OK
[2026-03-09 13:12:01] OK | Git repo OK | Bekleyen degisiklik var: 1 dosya | 15 dk yedek gorevi aktif | Hizli JS parse OK
[2026-03-09 14:12:01] OK | Git repo OK | Calisma alani temiz | 15 dk yedek gorevi aktif | Hizli JS parse OK
[2026-03-09 15:12:01] OK | Git repo OK | Bekleyen degisiklik var: 3 dosya | 15 dk yedek gorevi aktif | Hizli JS parse OK
[2026-03-09 16:12:01] OK | Git repo OK | Calisma alani temiz | 15 dk yedek gorevi aktif | Hizli JS parse OK
[2026-03-09 17:12:01] OK | Git repo OK | Bekleyen degisiklik var: 1 dosya | 15 dk yedek gorevi aktif | Hizli JS parse OK
[2026-03-09 18:12:01] OK | Git repo OK | Calisma alani temiz | 15 dk yedek gorevi aktif | Hizli JS parse OK
[2026-03-09 19:12:01] OK | Git repo OK | Bekleyen degisiklik var: 1 dosya | 15 dk yedek gorevi aktif | Hizli JS parse OK
[2026-03-09 20:12:01] OK | Git repo OK | Calisma alani temiz | 15 dk yedek gorevi aktif | Hizli JS parse OK
[2026-03-09 21:12:01] OK | Git repo OK | Bekleyen degisiklik var: 2 dosya | 15 dk yedek gorevi aktif | Hizli JS parse OK
[2026-03-10 15:12:02] OK | Git repo OK | Bekleyen degisiklik var: 3 dosya | 15 dk yedek gorevi aktif | Hizli JS parse OK
[2026-03-10 16:12:01] OK | Git repo OK | Calisma alani temiz | 15 dk yedek gorevi aktif | Hizli JS parse OK
[2026-03-10 17:12:01] OK | Git repo OK | Bekleyen degisiklik var: 1 dosya | 15 dk yedek gorevi aktif | Hizli JS parse OK
[2026-03-10 18:12:00] OK | Git repo OK | Calisma alani temiz | 15 dk yedek gorevi aktif | Hizli JS parse OK
[2026-03-10 19:12:00] OK | Git repo OK | Bekleyen degisiklik var: 1 dosya | 15 dk yedek gorevi aktif | Hizli JS parse OK
[2026-03-11 14:12:01] OK | Git repo OK | Calisma alani temiz | 15 dk yedek gorevi aktif | Hizli JS parse OK
[2026-03-11 15:12:01] OK | Git repo OK | Calisma alani temiz | 15 dk yedek gorevi aktif | Hizli JS parse OK
[2026-03-11 16:12:01] OK | Git repo OK | Bekleyen degisiklik var: 1 dosya | 15 dk yedek gorevi aktif | Hizli JS parse OK
[2026-03-11 17:12:01] OK | Git repo OK | Calisma alani temiz | 15 dk yedek gorevi aktif | Hizli JS parse OK
[2026-03-12 18:12:02] OK | Git repo OK | Calisma alani temiz | 15 dk yedek gorevi aktif | Hizli JS parse OK
[2026-03-13 13:12:02] OK | Git repo OK | Bekleyen degisiklik var: 9 dosya | 15 dk yedek gorevi aktif | Hizli JS parse OK
[2026-03-13 14:12:01] OK | Git repo OK | Calisma alani temiz | 15 dk yedek gorevi aktif | Hizli JS parse OK
[2026-03-13 15:12:01] OK | Git repo OK | Bekleyen degisiklik var: 6 dosya | 15 dk yedek gorevi aktif | Hizli JS parse OK
[2026-03-13 16:12:01] OK | Git repo OK | Bekleyen degisiklik var: 9 dosya | 15 dk yedek gorevi aktif | Hizli JS parse OK
[2026-03-13 17:12:00] OK | Git repo OK | Calisma alani temiz | 15 dk yedek gorevi aktif | Hizli JS parse OK
[2026-03-13 18:12:00] OK | Git repo OK | Bekleyen degisiklik var: 3 dosya | 15 dk yedek gorevi aktif | Hizli JS parse OK
[2026-03-13 19:12:00] OK | Git repo OK | Bekleyen degisiklik var: 1 dosya | 15 dk yedek gorevi aktif | Hizli JS parse OK
[2026-03-16 16:12:01] OK | Git repo OK | Calisma alani temiz | 15 dk yedek gorevi aktif | Hizli JS parse OK
[2026-03-16 17:12:01] OK | Git repo OK | Calisma alani temiz | 15 dk yedek gorevi aktif | Hizli JS parse OK
[2026-03-16 18:12:01] OK | Git repo OK | Bekleyen degisiklik var: 1 dosya | 15 dk yedek gorevi aktif | Hizli JS parse OK
[2026-03-16 19:12:01] OK | Git repo OK | Calisma alani temiz | 15 dk yedek gorevi aktif | Hizli JS parse OK
[2026-03-16 20:12:01] OK | Git repo OK | Bekleyen degisiklik var: 3 dosya | 15 dk yedek gorevi aktif | Hizli JS parse OK
[2026-03-16 21:12:01] OK | Git repo OK | Bekleyen degisiklik var: 4 dosya | 15 dk yedek gorevi aktif | Hizli JS parse OK
[2026-03-17 18:12:02] OK | Git repo OK | Calisma alani temiz | 15 dk yedek gorevi aktif | Hizli JS parse OK
[2026-03-23 14:12:01] OK | Git repo OK | Bekleyen degisiklik var: 11 dosya | 15 dk yedek gorevi aktif | Hizli JS parse OK
[2026-03-23 15:12:01] OK | Git repo OK | Bekleyen degisiklik var: 1 dosya | 15 dk yedek gorevi aktif | Hizli JS parse OK
[2026-03-23 16:12:01] OK | Git repo OK | Bekleyen degisiklik var: 1 dosya | 15 dk yedek gorevi aktif | Hizli JS parse OK
[2026-03-23 17:12:01] OK | Git repo OK | Bekleyen degisiklik var: 1 dosya | 15 dk yedek gorevi aktif | Hizli JS parse OK
[2026-03-23 18:12:01] OK | Git repo OK | Calisma alani temiz | 15 dk yedek gorevi aktif | Hizli JS parse OK
[2026-03-23 19:12:01] OK | Git repo OK | Calisma alani temiz | 15 dk yedek gorevi aktif | Hizli JS parse OK
[2026-03-23 20:12:01] OK | Git repo OK | Bekleyen degisiklik var: 1 dosya | 15 dk yedek gorevi aktif | Hizli JS parse OK
[2026-03-24 13:12:01] OK | Git repo OK | Bekleyen degisiklik var: 3 dosya | 15 dk yedek gorevi aktif | Hizli JS parse OK
[2026-03-24 14:12:01] OK | Git repo OK | Calisma alani temiz | 15 dk yedek gorevi aktif | Hizli JS parse OK
[2026-03-24 15:12:01] OK | Git repo OK | Calisma alani temiz | 15 dk yedek gorevi aktif | Hizli JS parse OK
[2026-03-24 16:12:01] OK | Git repo OK | Calisma alani temiz | 15 dk yedek gorevi aktif | Hizli JS parse OK
[2026-03-24 17:12:01] OK | Git repo OK | Bekleyen degisiklik var: 1 dosya | 15 dk yedek gorevi aktif | Hizli JS parse OK
[2026-03-24 18:12:01] OK | Git repo OK | Calisma alani temiz | 15 dk yedek gorevi aktif | Hizli JS parse OK
[2026-03-24 19:12:01] OK | Git repo OK | Calisma alani temiz | 15 dk yedek gorevi aktif | Hizli JS parse OK
[2026-03-24 20:12:01] OK | Git repo OK | Bekleyen degisiklik var: 3 dosya | 15 dk yedek gorevi aktif | Hizli JS parse OK
[2026-03-25 12:12:41] OK | Git repo OK | Calisma alani temiz | 15 dk yedek gorevi aktif | Hizli JS parse OK
[2026-03-25 13:12:01] OK | Git repo OK | Calisma alani temiz | 15 dk yedek gorevi aktif | Hizli JS parse OK
[2026-03-25 14:12:01] OK | Git repo OK | Calisma alani temiz | 15 dk yedek gorevi aktif | Hizli JS parse OK
[2026-03-25 15:12:01] OK | Git repo OK | Bekleyen degisiklik var: 20 dosya | 15 dk yedek gorevi aktif | Hizli JS parse OK
[2026-03-25 16:12:01] OK | Git repo OK | Calisma alani temiz | 15 dk yedek gorevi aktif | Hizli JS parse OK
[2026-03-25 17:12:01] OK | Git repo OK | Bekleyen degisiklik var: 2 dosya | 15 dk yedek gorevi aktif | Hizli JS parse OK
[2026-03-25 18:12:00] OK | Git repo OK | Bekleyen degisiklik var: 4 dosya | 15 dk yedek gorevi aktif | Hizli JS parse OK
[2026-03-27 15:12:00] OK | Git repo OK | Bekleyen degisiklik var: 4 dosya | 15 dk yedek gorevi aktif | Hizli JS parse OK
[2026-03-27 16:12:00] OK | Git repo OK | Bekleyen degisiklik var: 5 dosya | 15 dk yedek gorevi aktif | Hizli JS parse OK
[2026-03-27 17:12:00] OK | Git repo OK | Bekleyen degisiklik var: 3 dosya | 15 dk yedek gorevi aktif | Hizli JS parse OK
[2026-03-27 18:12:00] OK | Git repo OK | Bekleyen degisiklik var: 1 dosya | 15 dk yedek gorevi aktif | Hizli JS parse OK
[2026-03-27 19:12:00] OK | Git repo OK | Bekleyen degisiklik var: 9 dosya | 15 dk yedek gorevi aktif | Hizli JS parse OK
[2026-03-27 20:12:00] OK | Git repo OK | Calisma alani temiz | 15 dk yedek gorevi aktif | Hizli JS parse OK
[2026-03-30 13:24:04] OK | Git repo OK | Calisma alani temiz | 15 dk yedek gorevi aktif | Hizli JS parse OK
[2026-03-30 14:12:00] OK | Git repo OK | Bekleyen degisiklik var: 1 dosya | 15 dk yedek gorevi aktif | Hizli JS parse OK
[2026-03-30 15:12:00] OK | Git repo OK | Bekleyen degisiklik var: 1 dosya | 15 dk yedek gorevi aktif | Hizli JS parse OK
[2026-03-30 16:12:00] OK | Git repo OK | Calisma alani temiz | 15 dk yedek gorevi aktif | Hizli JS parse OK
[2026-03-30 17:12:00] OK | Git repo OK | Bekleyen degisiklik var: 31 dosya | 15 dk yedek gorevi aktif | Hizli JS parse OK
[2026-03-30 18:12:00] OK | Git repo OK | Bekleyen degisiklik var: 6 dosya | 15 dk yedek gorevi aktif | Hizli JS parse OK
[2026-03-30 19:12:00] OK | Git repo OK | Bekleyen degisiklik var: 8 dosya | 15 dk yedek gorevi aktif | Hizli JS parse OK
[2026-03-30 20:12:00] OK | Git repo OK | Bekleyen degisiklik var: 30 dosya | 15 dk yedek gorevi aktif | Hizli JS parse OK
[2026-03-31 15:12:00] OK | Git repo OK | Bekleyen degisiklik var: 24 dosya | 15 dk yedek gorevi aktif | Hizli JS parse OK
[2026-03-31 16:12:00] OK | Git repo OK | Bekleyen degisiklik var: 3 dosya | 15 dk yedek gorevi aktif | Hizli JS parse OK
[2026-03-31 17:12:00] OK | Git repo OK | Bekleyen degisiklik var: 6 dosya | 15 dk yedek gorevi aktif | Hizli JS parse OK
[2026-03-31 18:12:00] OK | Git repo OK | Bekleyen degisiklik var: 11 dosya | 15 dk yedek gorevi aktif | Hizli JS parse OK
[2026-03-31 19:12:00] OK | Git repo OK | Bekleyen degisiklik var: 19 dosya | 15 dk yedek gorevi aktif | Hizli JS parse OK
[2026-03-31 20:12:00] OK | Git repo OK | Bekleyen degisiklik var: 11 dosya | 15 dk yedek gorevi aktif | Hizli JS parse OK
[2026-04-01 14:12:01] OK | Git repo OK | Bekleyen degisiklik var: 3 dosya | 15 dk yedek gorevi aktif | Hizli JS parse OK
[2026-04-01 15:12:01] OK | Git repo OK | Calisma alani temiz | 15 dk yedek gorevi aktif | Hizli JS parse OK
[2026-04-01 16:12:01] OK | Git repo OK | Calisma alani temiz | 15 dk yedek gorevi aktif | Hizli JS parse OK
[2026-04-01 17:12:01] OK | Git repo OK | Calisma alani temiz | 15 dk yedek gorevi aktif | Hizli JS parse OK
[2026-04-01 18:12:01] OK | Git repo OK | Calisma alani temiz | 15 dk yedek gorevi aktif | Hizli JS parse OK
[2026-04-01 19:12:01] OK | Git repo OK | Bekleyen degisiklik var: 1 dosya | 15 dk yedek gorevi aktif | Hizli JS parse OK
[2026-04-02 14:12:01] OK | Git repo OK | Calisma alani temiz | 15 dk yedek gorevi aktif | Hizli JS parse OK
[2026-04-02 15:12:01] OK | Git repo OK | Calisma alani temiz | 15 dk yedek gorevi aktif | Hizli JS parse OK
[2026-04-02 16:12:01] OK | Git repo OK | Calisma alani temiz | 15 dk yedek gorevi aktif | Hizli JS parse OK
[2026-04-02 17:12:01] OK | Git repo OK | Bekleyen degisiklik var: 1 dosya | 15 dk yedek gorevi aktif | Hizli JS parse OK
[2026-04-02 18:12:01] OK | Git repo OK | Calisma alani temiz | 15 dk yedek gorevi aktif | Hizli JS parse OK
[2026-04-02 19:12:01] OK | Git repo OK | Bekleyen degisiklik var: 1 dosya | 15 dk yedek gorevi aktif | Hizli JS parse OK
[2026-04-02 20:12:01] OK | Git repo OK | Bekleyen degisiklik var: 9 dosya | 15 dk yedek gorevi aktif | Hizli JS parse OK
[2026-04-06 16:12:02] OK | Git repo OK | Bekleyen degisiklik var: 12 dosya | 15 dk yedek gorevi aktif | Hizli JS parse OK
[2026-04-06 17:12:05] OK | Git repo OK | Calisma alani temiz | 15 dk yedek gorevi aktif | Hizli JS parse OK
[2026-04-06 18:12:01] OK | Git repo OK | Calisma alani temiz | 15 dk yedek gorevi aktif | Hizli JS parse OK
[2026-04-06 19:12:01] OK | Git repo OK | Calisma alani temiz | 15 dk yedek gorevi aktif | Hizli JS parse OK
[2026-04-07 13:12:01] OK | Git repo OK | Calisma alani temiz | 15 dk yedek gorevi aktif | Hizli JS parse OK
[2026-04-07 14:12:01] OK | Git repo OK | Calisma alani temiz | 15 dk yedek gorevi aktif | Hizli JS parse OK
[2026-04-07 15:12:00] OK | Git repo OK | Calisma alani temiz | 15 dk yedek gorevi aktif | Hizli JS parse OK
[2026-04-07 16:12:01] OK | Git repo OK | Bekleyen degisiklik var: 3 dosya | 15 dk yedek gorevi aktif | Hizli JS parse OK
[2026-04-07 17:12:02] OK | Git repo OK | Calisma alani temiz | 15 dk yedek gorevi aktif | Hizli JS parse OK
[2026-04-08 12:12:01] OK | Git repo OK | Calisma alani temiz | 15 dk yedek gorevi aktif | Hizli JS parse OK
[2026-04-08 13:12:01] OK | Git repo OK | Calisma alani temiz | 15 dk yedek gorevi aktif | Hizli JS parse OK
[2026-04-08 14:12:01] OK | Git repo OK | Calisma alani temiz | 15 dk yedek gorevi aktif | Hizli JS parse OK
[2026-04-08 15:12:01] OK | Git repo OK | Calisma alani temiz | 15 dk yedek gorevi aktif | Hizli JS parse OK
[2026-04-08 16:12:02] OK | Git repo OK | Bekleyen degisiklik var: 3 dosya | 15 dk yedek gorevi aktif | Hizli JS parse OK
[2026-04-08 17:12:01] OK | Git repo OK | Calisma alani temiz | 15 dk yedek gorevi aktif | Hizli JS parse OK
[2026-04-08 18:12:01] OK | Git repo OK | Calisma alani temiz | 15 dk yedek gorevi aktif | Hizli JS parse OK
[2026-04-08 19:12:01] OK | Git repo OK | Calisma alani temiz | 15 dk yedek gorevi aktif | Hizli JS parse OK
[2026-04-08 20:12:01] OK | Git repo OK | Calisma alani temiz | 15 dk yedek gorevi aktif | Hizli JS parse OK
[2026-04-09 13:12:01] OK | Git repo OK | Bekleyen degisiklik var: 1 dosya | 15 dk yedek gorevi aktif | Hizli JS parse OK
[2026-04-09 14:12:01] OK | Git repo OK | Bekleyen degisiklik var: 8 dosya | 15 dk yedek gorevi aktif | Hizli JS parse OK
[2026-04-09 15:12:01] OK | Git repo OK | Calisma alani temiz | 15 dk yedek gorevi aktif | Hizli JS parse OK
[2026-04-09 16:12:01] OK | Git repo OK | Bekleyen degisiklik var: 2 dosya | 15 dk yedek gorevi aktif | Hizli JS parse OK
[2026-04-09 17:12:01] OK | Git repo OK | Calisma alani temiz | 15 dk yedek gorevi aktif | Hizli JS parse OK
[2026-04-09 18:12:01] OK | Git repo OK | Bekleyen degisiklik var: 1 dosya | 15 dk yedek gorevi aktif | Hizli JS parse OK
[2026-04-10 13:12:00] OK | Git repo OK | Bekleyen degisiklik var: 1 dosya | 15 dk yedek gorevi aktif | Hizli JS parse OK
[2026-04-10 14:12:00] OK | Git repo OK | Bekleyen degisiklik var: 6 dosya | 15 dk yedek gorevi aktif | Hizli JS parse OK
[2026-04-10 15:12:00] OK | Git repo OK | Bekleyen degisiklik var: 1 dosya | 15 dk yedek gorevi aktif | Hizli JS parse OK
[2026-04-10 16:12:00] OK | Git repo OK | Bekleyen degisiklik var: 1 dosya | 15 dk yedek gorevi aktif | Hizli JS parse OK
[2026-04-10 17:12:00] OK | Git repo OK | Calisma alani temiz | 15 dk yedek gorevi aktif | Hizli JS parse OK
[2026-04-10 18:12:00] OK | Git repo OK | Bekleyen degisiklik var: 2 dosya | 15 dk yedek gorevi aktif | Hizli JS parse OK
[2026-04-10 19:12:02] OK | Git repo OK | Bekleyen degisiklik var: 1 dosya | 15 dk yedek gorevi aktif | Hizli JS parse OK
[2026-04-10 20:12:01] OK | Git repo OK | Calisma alani temiz | 15 dk yedek gorevi aktif | Hizli JS parse OK
[2026-04-13 13:12:00] OK | Git repo OK | Calisma alani temiz | 15 dk yedek gorevi aktif | Hizli JS parse OK
[2026-04-13 14:12:00] OK | Git repo OK | Calisma alani temiz | 15 dk yedek gorevi aktif | Hizli JS parse OK
[2026-04-13 15:12:00] OK | Git repo OK | Calisma alani temiz | 15 dk yedek gorevi aktif | Hizli JS parse OK
[2026-04-13 16:12:00] OK | Git repo OK | Calisma alani temiz | 15 dk yedek gorevi aktif | Hizli JS parse OK
[2026-04-13 17:12:00] OK | Git repo OK | Calisma alani temiz | 15 dk yedek gorevi aktif | Hizli JS parse OK
[2026-04-13 18:12:00] OK | Git repo OK | Bekleyen degisiklik var: 1 dosya | 15 dk yedek gorevi aktif | Hizli JS parse OK
[2026-04-13 19:12:00] OK | Git repo OK | Calisma alani temiz | 15 dk yedek gorevi aktif | Hizli JS parse OK
[2026-04-13 20:12:00] OK | Git repo OK | Bekleyen degisiklik var: 1 dosya | 15 dk yedek gorevi aktif | Hizli JS parse OK
[2026-04-13 21:12:00] OK | Git repo OK | Calisma alani temiz | 15 dk yedek gorevi aktif | Hizli JS parse OK
[2026-04-14 13:12:00] OK | Git repo OK | Calisma alani temiz | 15 dk yedek gorevi aktif | Hizli JS parse OK
[2026-04-14 14:12:00] OK | Git repo OK | Calisma alani temiz | 15 dk yedek gorevi aktif | Hizli JS parse OK
[2026-04-14 15:12:01] OK | Git repo OK | Calisma alani temiz | 15 dk yedek gorevi aktif | Hizli JS parse OK
[2026-04-14 16:12:01] OK | Git repo OK | Calisma alani temiz | 15 dk yedek gorevi aktif | Hizli JS parse OK
[2026-04-14 17:12:03] OK | Git repo OK | Calisma alani temiz | 15 dk yedek gorevi aktif | Hizli JS parse OK
[2026-04-14 18:12:10] OK | Git repo OK | Calisma alani temiz | 15 dk yedek gorevi aktif | Hizli JS parse OK
[2026-04-15 14:12:02] OK | Git repo OK | Calisma alani temiz | 15 dk yedek gorevi aktif | Hizli JS parse OK
[2026-04-15 15:12:01] OK | Git repo OK | Bekleyen degisiklik var: 49 dosya | 15 dk yedek gorevi aktif | Hizli JS parse OK
[2026-04-15 16:12:01] OK | Git repo OK | Bekleyen degisiklik var: 1 dosya | 15 dk yedek gorevi aktif | Hizli JS parse OK | Backbone guard OK
[2026-04-15 18:12:00] OK | Git repo OK | Bekleyen degisiklik var: 61 dosya | 15 dk yedek gorevi aktif | Hizli JS parse OK | Backbone guard OK
[2026-04-15 19:12:01] OK | Git repo OK | Calisma alani temiz | 15 dk yedek gorevi aktif | Hizli JS parse OK | Backbone guard OK
[2026-04-15 20:12:00] OK | Git repo OK | Calisma alani temiz | 15 dk yedek gorevi aktif | Hizli JS parse OK | Backbone guard OK
[2026-04-15 21:12:01] OK | Git repo OK | Bekleyen degisiklik var: 3 dosya | 15 dk yedek gorevi aktif | Hizli JS parse OK | Backbone guard OK
[2026-04-16 12:12:00] OK | Git repo OK | Calisma alani temiz | 15 dk yedek gorevi aktif | Hizli JS parse OK | Backbone guard OK
[2026-04-16 13:12:00] OK | Git repo OK | Calisma alani temiz | 15 dk yedek gorevi aktif | Hizli JS parse OK | Backbone guard OK
[2026-04-16 14:12:01] OK | Git repo OK | Calisma alani temiz | 15 dk yedek gorevi aktif | Hizli JS parse OK | Backbone guard OK
[2026-04-16 15:12:00] OK | Git repo OK | Calisma alani temiz | 15 dk yedek gorevi aktif | Hizli JS parse OK | Backbone guard OK
[2026-04-16 16:12:00] OK | Git repo OK | Calisma alani temiz | 15 dk yedek gorevi aktif | Hizli JS parse OK | Backbone guard OK
[2026-04-16 17:12:00] OK | Git repo OK | Calisma alani temiz | 15 dk yedek gorevi aktif | Hizli JS parse OK | Backbone guard OK
[2026-04-16 18:12:00] ISSUE | Git repo OK | Bekleyen degisiklik var: 8 dosya | 15 dk yedek gorevi aktif | Hizli JS parse OK | Backbone guard kontrol hatasi: Metin encoding guard basarisiz. Supheli karakterler bulundu:
[2026-04-16 19:12:01] OK | Git repo OK | Bekleyen degisiklik var: 1 dosya | 15 dk yedek gorevi aktif | Hizli JS parse OK | Backbone guard OK
[2026-04-16 20:12:00] OK | Git repo OK | Calisma alani temiz | 15 dk yedek gorevi aktif | Hizli JS parse OK | Backbone guard OK
